200 1.673775s
200 0.704726s
200 0.650888s
200 0.672638s
200 0.633156s
200 0.626595s
200 0.693358s
200 0.663127s
200 0.699818s
200 0.626665s
200 0.714297s
200 0.659392s
200 0.692123s
200 0.638697s
200 0.626154s
200 0.625369s
200 0.644680s
200 0.642724s
200 0.680829s
200 0.698409s
200 0.696581s
200 0.668939s
200 0.653139s
200 0.731921s
200 0.656787s
200 0.618621s
200 0.680448s
200 0.638040s
200 0.663504s
200 0.719674s
200 0.680132s
200 0.664511s
200 0.699817s
200 0.721296s
200 0.700067s
200 0.663536s
200 0.670867s
200 0.653336s
200 0.692697s
200 0.646503s
200 0.694480s
200 0.693311s
200 0.714223s
200 0.684771s
